<?xml version="1.0" encoding="UTF-8"?>
<!-- Generated by org.testng.reporters.JUnitXMLReporter -->
<testsuite hostname="PC1" ignored="7" name="Default test" tests="1" failures="0" timestamp="18 Jan 2019 19:39:53 GMT" time="5.862" errors="0">
  <testcase name="verifyRegionCount" time="5.801" classname="com.bookit.tests.API1"/>
  <testcase name="verifyFirstName" time="0.0" classname="com.bookit.tests.API1">
    <ignored/>
  </testcase> <!-- verifyFirstName -->
  <testcase name="printResponse" time="0.0" classname="com.bookit.tests.API1">
    <ignored/>
  </testcase> <!-- printResponse -->
  <testcase name="getWithHeaders" time="0.0" classname="com.bookit.tests.API1">
    <ignored/>
  </testcase> <!-- getWithHeaders -->
  <testcase name="negativeGetWithBody" time="0.0" classname="com.bookit.tests.API1">
    <ignored/>
  </testcase> <!-- negativeGetWithBody -->
  <testcase name="verifyLastName" time="0.0" classname="com.bookit.tests.API1">
    <ignored/>
  </testcase> <!-- verifyLastName -->
  <testcase name="verifyContentType" time="0.0" classname="com.bookit.tests.API1">
    <ignored/>
  </testcase> <!-- verifyContentType -->
  <testcase name="simpleStatusCode" time="0.0" classname="com.bookit.tests.API1">
    <ignored/>
  </testcase> <!-- simpleStatusCode -->
</testsuite> <!-- Default test -->
