<?xml version="1.0" encoding="UTF-8"?>
<testng-results skipped="0" failed="0" ignored="7" total="8" passed="1">
  <reporter-output>
  </reporter-output>
  <suite name="Default suite" duration-ms="5862" started-at="2019-01-18T19:39:47Z" finished-at="2019-01-18T19:39:53Z">
    <groups>
    </groups>
    <test name="Default test" duration-ms="5862" started-at="2019-01-18T19:39:47Z" finished-at="2019-01-18T19:39:53Z">
      <class name="com.bookit.tests.API1">
        <test-method status="PASS" signature="verifyRegionCount()[pri:0, instance:com.bookit.tests.API1@464bee09]" name="verifyRegionCount" duration-ms="5801" started-at="2019-01-18T19:39:47Z" finished-at="2019-01-18T19:39:53Z">
          <reporter-output>
          </reporter-output>
        </test-method> <!-- verifyRegionCount -->
      </class> <!-- com.bookit.tests.API1 -->
    </test> <!-- Default test -->
  </suite> <!-- Default suite -->
</testng-results>
